Running: C:\Xilinx\14.2\ISE_DS\ISE\bin\nt64\unwrapped\fuse.exe -intstyle ise -incremental -o C:/Users/user/Desktop/ES_LAB4/3/c/func/func_tb_isim_beh.exe -prj C:/Users/user/Desktop/ES_LAB4/3/c/func/func_tb_beh.prj work.func_tb 
ISim P.28xd (signature 0xa0883be4)
Number of CPUs detected in this system: 4
Turning on mult-threading, number of parallel sub-compilation jobs: 8 
Determining compilation order of HDL files
Parsing VHDL file "C:/Users/user/Desktop/ES_LAB4/3/c/func/../../func_or1.vhd" into library work
Parsing VHDL file "C:/Users/user/Desktop/ES_LAB4/3/c/func/../../func_and1.vhd" into library work
Parsing VHDL file "C:/Users/user/Desktop/ES_LAB4/3/c/func/../../func_structural.vhd" into library work
Parsing VHDL file "C:/Users/user/Desktop/ES_LAB4/3/c/func/../../func_tb.vhd" into library work
Starting static elaboration
Completed static elaboration
Compiling package standard
Compiling package std_logic_1164
Compiling package numeric_std
Compiling architecture behavorial of entity and1 [and1_default]
Compiling architecture behavorial of entity or1 [or1_default]
Compiling architecture structural of entity func [func_default]
Compiling architecture behavioral of entity func_tb
Time Resolution for simulation is 1ps.
Compiled 10 VHDL Units
Built simulation executable C:/Users/user/Desktop/ES_LAB4/3/c/func/func_tb_isim_beh.exe
Fuse Memory Usage: 34612 KB
Fuse CPU Usage: 577 ms
