A51 MACRO ASSEMBLER  LAB3_EX2_B                                                           07/06/2016 21:33:44 PAGE     1


MACRO ASSEMBLER A51 V8.02b
OBJECT MODULE PLACED IN LAB3_EX2_B.obj
ASSEMBLER INVOKED BY: C:\Keil\C51\BIN\A51.EXE ES_LAB3\LAB3_EX2_B.ASM SET(SMALL) DEBUG PRINT(.\LAB3_EX2_B.lst) OBJECT(LAB
                      3_EX2_B.obj) EP

LOC  OBJ            LINE     SOURCE

                       1     ;ES LAB3 EXERCISE B TIMER 1 MODE 1
0000                   2                     ORG 00H
                       3     
0000 758910            4                     MOV TMOD,#10H   ; TIMER 1 MODE 1 ;2
                       5                     
0003 7A02              6     REPEAT: MOV R2,#02H             ;2
                       7     
0005 758B0C            8     HERE1:  MOV TL1,#0CH    ;2      
0008 758D4C            9                     MOV TH1,#4CH    ;2
000B 1121             10                     ACALL DELAY             ;2
000D B280             11                     CPL P0.0                ;1
000F DAF4             12                     DJNZ R2,HERE1   ;2
                      13     
0011 7A0A             14                     MOV R2,#0AH             ;2
                      15                     
0013 758B0F           16     HERE2:  MOV TL1,#0FH    ;2      
0016 758DDC           17                     MOV TH1,#0DCH   ;2
0019 1121             18                     ACALL DELAY             ;2
001B B280             19                     CPL P0.0                ;1
001D DAF4             20                     DJNZ R2,HERE2   ;2
                      21                     
001F 80E2             22                     SJMP REPEAT             ;2
                      23                     
0021 D28E             24     DELAY:  SETB TR1                ;1
0023 308FFD           25     AGAIN:  JNB TF1, AGAIN  ; X = 46067 FOR 100ms AND 9200 FOR 20ms
0026 C28E             26                     CLR TR1                 ;1
0028 C28F             27                     CLR TF1                 ;1
002A 22               28                     RET                             ;2
                      29                     
                      30                     END
A51 MACRO ASSEMBLER  LAB3_EX2_B                                                           07/06/2016 21:33:44 PAGE     2

SYMBOL TABLE LISTING
------ ----- -------


N A M E             T Y P E  V A L U E   ATTRIBUTES

AGAIN. . . . . . .  C ADDR   0023H   A   
DELAY. . . . . . .  C ADDR   0021H   A   
HERE1. . . . . . .  C ADDR   0005H   A   
HERE2. . . . . . .  C ADDR   0013H   A   
P0 . . . . . . . .  D ADDR   0080H   A   
REPEAT . . . . . .  C ADDR   0003H   A   
TF1. . . . . . . .  B ADDR   0088H.7 A   
TH1. . . . . . . .  D ADDR   008DH   A   
TL1. . . . . . . .  D ADDR   008BH   A   
TMOD . . . . . . .  D ADDR   0089H   A   
TR1. . . . . . . .  B ADDR   0088H.6 A   


REGISTER BANK(S) USED: 0 


ASSEMBLY COMPLETE.  0 WARNING(S), 0 ERROR(S)
