Running: C:\Xilinx\14.2\ISE_DS\ISE\bin\nt64\unwrapped\fuse.exe -intstyle ise -incremental -o C:/Users/user/Desktop/ES_LAB4/2/B/bcd_gray_tb_isim_beh.exe -prj C:/Users/user/Desktop/ES_LAB4/2/B/bcd_gray_tb_beh.prj work.bcd_gray_tb 
ISim P.28xd (signature 0xa0883be4)
Number of CPUs detected in this system: 4
Turning on mult-threading, number of parallel sub-compilation jobs: 8 
Determining compilation order of HDL files
Parsing VHDL file "C:/Users/user/Desktop/ES_LAB4/2/B/../xor_nor.vhd" into library work
Parsing VHDL file "C:/Users/user/Desktop/ES_LAB4/2/B/../bcd_gray_structural.vhd" into library work
Parsing VHDL file "C:/Users/user/Desktop/ES_LAB4/2/B/../bcd_gray_testbench.vhd" into library work
Starting static elaboration
Completed static elaboration
Compiling package standard
Compiling package std_logic_1164
Compiling package numeric_std
Compiling architecture behavorial of entity xor_nor [xor_nor_default]
Compiling architecture structural of entity bcd_gray [bcd_gray_default]
Compiling architecture behavioral of entity bcd_gray_tb
Time Resolution for simulation is 1ps.
Compiled 8 VHDL Units
Built simulation executable C:/Users/user/Desktop/ES_LAB4/2/B/bcd_gray_tb_isim_beh.exe
Fuse Memory Usage: 34588 KB
Fuse CPU Usage: 655 ms
